<?xml version="1.0" encoding="UTF-8"?>
<!-- Generated by org.testng.reporters.JUnitXMLReporter -->
<testsuite hostname="WINDOWS-4CP03MR" ignored="0" name="Default test" tests="4" failures="0" timestamp="2022-10-17T21:10:01 EDT" time="0.204" errors="0">
  <testcase name="test1" time="0.008" classname="com.dhara.testcases.LoginTest"/>
  <testcase name="test2" time="0.005" classname="com.dhara.testcases.LoginTest"/>
  <testcase name="test3" time="0.024" classname="com.dhara.testcases.LoginTest"/>
  <testcase name="test4" time="0.004" classname="com.dhara.testcases.LoginTest"/>
</testsuite> <!-- Default test -->
