<?xml version="1.0" encoding="UTF-8"?>
<!-- Generated by org.testng.reporters.JUnitXMLReporter -->
<testsuite hostname="WINDOWS-4CP03MR" ignored="0" name="ToolsQA2" tests="8" failures="0" timestamp="2022-10-17T21:29:20 EDT" time="0.064" errors="0">
  <testcase name="test1" time="0.002" classname="com.dhara.testcases.LoginTest3"/>
  <testcase name="test2" time="0.001" classname="com.dhara.testcases.LoginTest3"/>
  <testcase name="test3" time="0.001" classname="com.dhara.testcases.LoginTest3"/>
  <testcase name="test4" time="0.0" classname="com.dhara.testcases.LoginTest3"/>
  <testcase name="test1" time="0.005" classname="com.dhara.testcases.LoginTest4"/>
  <testcase name="test2" time="0.001" classname="com.dhara.testcases.LoginTest4"/>
  <testcase name="test3" time="0.001" classname="com.dhara.testcases.LoginTest4"/>
  <testcase name="test4" time="0.001" classname="com.dhara.testcases.LoginTest4"/>
</testsuite> <!-- ToolsQA2 -->
