<?xml version="1.0" encoding="UTF-8"?>
<!-- Generated by org.testng.reporters.JUnitXMLReporter -->
<testsuite hostname="WINDOWS-4CP03MR" ignored="0" name="ToolsQA" tests="4" failures="0" timestamp="2022-10-17T21:20:13 EDT" time="0.103" errors="0">
  <testcase name="test1" time="0.009" classname="com.dhara.testcases.LoginTest"/>
  <testcase name="test2" time="0.004" classname="com.dhara.testcases.LoginTest"/>
  <testcase name="test3" time="0.004" classname="com.dhara.testcases.LoginTest"/>
  <testcase name="test4" time="0.002" classname="com.dhara.testcases.LoginTest"/>
</testsuite> <!-- ToolsQA -->
