<?xml version="1.0" encoding="UTF-8"?>
<!-- Generated by org.testng.reporters.JUnitXMLReporter -->
<testsuite hostname="WINDOWS-4CP03MR" ignored="0" name="ToolsQA1" tests="8" failures="0" timestamp="2022-10-17T21:29:20 EDT" time="0.146" errors="0">
  <testcase name="test1" time="0.006" classname="com.dhara.testcases.LoginTest1"/>
  <testcase name="test2" time="0.006" classname="com.dhara.testcases.LoginTest1"/>
  <testcase name="test3" time="0.003" classname="com.dhara.testcases.LoginTest1"/>
  <testcase name="test4" time="0.005" classname="com.dhara.testcases.LoginTest1"/>
  <testcase name="test1" time="0.004" classname="com.dhara.testcases.LoginTest2"/>
  <testcase name="test2" time="0.003" classname="com.dhara.testcases.LoginTest2"/>
  <testcase name="test3" time="0.004" classname="com.dhara.testcases.LoginTest2"/>
  <testcase name="test4" time="0.002" classname="com.dhara.testcases.LoginTest2"/>
</testsuite> <!-- ToolsQA1 -->
