<?xml version="1.0" encoding="UTF-8"?>
<testng-results skipped="0" failed="0" ignored="0" total="16" passed="16">
  <reporter-output>
  </reporter-output>
  <suite name="Test-Suite" duration-ms="252" started-at="2022-10-17T21:29:19 EDT" finished-at="2022-10-17T21:29:20 EDT">
    <groups>
    </groups>
    <test name="ToolsQA1" duration-ms="146" started-at="2022-10-17T21:29:19 EDT" finished-at="2022-10-17T21:29:20 EDT">
      <class name="com.dhara.testcases.LoginTest2">
        <test-method status="PASS" signature="beforeClass()[pri:0, instance:com.dhara.testcases.LoginTest2@59e5ddf]" name="beforeClass" is-config="true" duration-ms="0" started-at="2022-10-17T21:29:20 EDT" finished-at="2022-10-17T21:29:20 EDT">
          <reporter-output>
          </reporter-output>
        </test-method> <!-- beforeClass -->
        <test-method status="PASS" signature="test1()[pri:0, instance:com.dhara.testcases.LoginTest2@59e5ddf]" name="test1" duration-ms="4" started-at="2022-10-17T21:29:20 EDT" finished-at="2022-10-17T21:29:20 EDT">
          <reporter-output>
          </reporter-output>
        </test-method> <!-- test1 -->
        <test-method status="PASS" signature="beforeMethod()[pri:0, instance:com.dhara.testcases.LoginTest2@59e5ddf]" name="beforeMethod" is-config="true" duration-ms="0" started-at="2022-10-17T21:29:20 EDT" finished-at="2022-10-17T21:29:20 EDT">
          <reporter-output>
          </reporter-output>
        </test-method> <!-- beforeMethod -->
        <test-method status="PASS" signature="afterMethod()[pri:0, instance:com.dhara.testcases.LoginTest2@59e5ddf]" name="afterMethod" is-config="true" duration-ms="0" started-at="2022-10-17T21:29:20 EDT" finished-at="2022-10-17T21:29:20 EDT">
          <reporter-output>
          </reporter-output>
        </test-method> <!-- afterMethod -->
        <test-method status="PASS" signature="beforeMethod()[pri:0, instance:com.dhara.testcases.LoginTest2@59e5ddf]" name="beforeMethod" is-config="true" duration-ms="2" started-at="2022-10-17T21:29:20 EDT" finished-at="2022-10-17T21:29:20 EDT">
          <reporter-output>
          </reporter-output>
        </test-method> <!-- beforeMethod -->
        <test-method status="PASS" signature="test2()[pri:0, instance:com.dhara.testcases.LoginTest2@59e5ddf]" name="test2" duration-ms="3" started-at="2022-10-17T21:29:20 EDT" finished-at="2022-10-17T21:29:20 EDT">
          <reporter-output>
          </reporter-output>
        </test-method> <!-- test2 -->
        <test-method status="PASS" signature="afterMethod()[pri:0, instance:com.dhara.testcases.LoginTest2@59e5ddf]" name="afterMethod" is-config="true" duration-ms="1" started-at="2022-10-17T21:29:20 EDT" finished-at="2022-10-17T21:29:20 EDT">
          <reporter-output>
          </reporter-output>
        </test-method> <!-- afterMethod -->
        <test-method status="PASS" signature="beforeMethod()[pri:0, instance:com.dhara.testcases.LoginTest2@59e5ddf]" name="beforeMethod" is-config="true" duration-ms="1" started-at="2022-10-17T21:29:20 EDT" finished-at="2022-10-17T21:29:20 EDT">
          <reporter-output>
          </reporter-output>
        </test-method> <!-- beforeMethod -->
        <test-method status="PASS" signature="test3()[pri:0, instance:com.dhara.testcases.LoginTest2@59e5ddf]" name="test3" duration-ms="4" started-at="2022-10-17T21:29:20 EDT" finished-at="2022-10-17T21:29:20 EDT">
          <reporter-output>
          </reporter-output>
        </test-method> <!-- test3 -->
        <test-method status="PASS" signature="afterMethod()[pri:0, instance:com.dhara.testcases.LoginTest2@59e5ddf]" name="afterMethod" is-config="true" duration-ms="1" started-at="2022-10-17T21:29:20 EDT" finished-at="2022-10-17T21:29:20 EDT">
          <reporter-output>
          </reporter-output>
        </test-method> <!-- afterMethod -->
        <test-method status="PASS" signature="beforeMethod()[pri:0, instance:com.dhara.testcases.LoginTest2@59e5ddf]" name="beforeMethod" is-config="true" duration-ms="1" started-at="2022-10-17T21:29:20 EDT" finished-at="2022-10-17T21:29:20 EDT">
          <reporter-output>
          </reporter-output>
        </test-method> <!-- beforeMethod -->
        <test-method status="PASS" signature="test4()[pri:0, instance:com.dhara.testcases.LoginTest2@59e5ddf]" name="test4" duration-ms="2" started-at="2022-10-17T21:29:20 EDT" finished-at="2022-10-17T21:29:20 EDT">
          <reporter-output>
          </reporter-output>
        </test-method> <!-- test4 -->
        <test-method status="PASS" signature="afterMethod()[pri:0, instance:com.dhara.testcases.LoginTest2@59e5ddf]" name="afterMethod" is-config="true" duration-ms="0" started-at="2022-10-17T21:29:20 EDT" finished-at="2022-10-17T21:29:20 EDT">
          <reporter-output>
          </reporter-output>
        </test-method> <!-- afterMethod -->
        <test-method status="PASS" signature="afterClass()[pri:0, instance:com.dhara.testcases.LoginTest2@59e5ddf]" name="afterClass" is-config="true" duration-ms="0" started-at="2022-10-17T21:29:20 EDT" finished-at="2022-10-17T21:29:20 EDT">
          <reporter-output>
          </reporter-output>
        </test-method> <!-- afterClass -->
      </class> <!-- com.dhara.testcases.LoginTest2 -->
      <class name="com.dhara.testcases.LoginTest1">
        <test-method status="PASS" signature="beforeClass()[pri:0, instance:com.dhara.testcases.LoginTest1@646d64ab]" name="beforeClass" is-config="true" duration-ms="18" started-at="2022-10-17T21:29:19 EDT" finished-at="2022-10-17T21:29:19 EDT">
          <reporter-output>
          </reporter-output>
        </test-method> <!-- beforeClass -->
        <test-method status="PASS" signature="beforeMethod()[pri:0, instance:com.dhara.testcases.LoginTest1@646d64ab]" name="beforeMethod" is-config="true" duration-ms="0" started-at="2022-10-17T21:29:19 EDT" finished-at="2022-10-17T21:29:19 EDT">
          <reporter-output>
          </reporter-output>
        </test-method> <!-- beforeMethod -->
        <test-method status="PASS" signature="test1()[pri:0, instance:com.dhara.testcases.LoginTest1@646d64ab]" name="test1" duration-ms="6" started-at="2022-10-17T21:29:19 EDT" finished-at="2022-10-17T21:29:19 EDT">
          <reporter-output>
          </reporter-output>
        </test-method> <!-- test1 -->
        <test-method status="PASS" signature="afterMethod()[pri:0, instance:com.dhara.testcases.LoginTest1@646d64ab]" name="afterMethod" is-config="true" duration-ms="0" started-at="2022-10-17T21:29:19 EDT" finished-at="2022-10-17T21:29:19 EDT">
          <reporter-output>
          </reporter-output>
        </test-method> <!-- afterMethod -->
        <test-method status="PASS" signature="beforeMethod()[pri:0, instance:com.dhara.testcases.LoginTest1@646d64ab]" name="beforeMethod" is-config="true" duration-ms="1" started-at="2022-10-17T21:29:19 EDT" finished-at="2022-10-17T21:29:20 EDT">
          <reporter-output>
          </reporter-output>
        </test-method> <!-- beforeMethod -->
        <test-method status="PASS" signature="test2()[pri:0, instance:com.dhara.testcases.LoginTest1@646d64ab]" name="test2" duration-ms="6" started-at="2022-10-17T21:29:20 EDT" finished-at="2022-10-17T21:29:20 EDT">
          <reporter-output>
          </reporter-output>
        </test-method> <!-- test2 -->
        <test-method status="PASS" signature="afterMethod()[pri:0, instance:com.dhara.testcases.LoginTest1@646d64ab]" name="afterMethod" is-config="true" duration-ms="2" started-at="2022-10-17T21:29:20 EDT" finished-at="2022-10-17T21:29:20 EDT">
          <reporter-output>
          </reporter-output>
        </test-method> <!-- afterMethod -->
        <test-method status="PASS" signature="beforeMethod()[pri:0, instance:com.dhara.testcases.LoginTest1@646d64ab]" name="beforeMethod" is-config="true" duration-ms="1" started-at="2022-10-17T21:29:20 EDT" finished-at="2022-10-17T21:29:20 EDT">
          <reporter-output>
          </reporter-output>
        </test-method> <!-- beforeMethod -->
        <test-method status="PASS" signature="test3()[pri:0, instance:com.dhara.testcases.LoginTest1@646d64ab]" name="test3" duration-ms="3" started-at="2022-10-17T21:29:20 EDT" finished-at="2022-10-17T21:29:20 EDT">
          <reporter-output>
          </reporter-output>
        </test-method> <!-- test3 -->
        <test-method status="PASS" signature="afterMethod()[pri:0, instance:com.dhara.testcases.LoginTest1@646d64ab]" name="afterMethod" is-config="true" duration-ms="0" started-at="2022-10-17T21:29:20 EDT" finished-at="2022-10-17T21:29:20 EDT">
          <reporter-output>
          </reporter-output>
        </test-method> <!-- afterMethod -->
        <test-method status="PASS" signature="beforeMethod()[pri:0, instance:com.dhara.testcases.LoginTest1@646d64ab]" name="beforeMethod" is-config="true" duration-ms="2" started-at="2022-10-17T21:29:20 EDT" finished-at="2022-10-17T21:29:20 EDT">
          <reporter-output>
          </reporter-output>
        </test-method> <!-- beforeMethod -->
        <test-method status="PASS" signature="test4()[pri:0, instance:com.dhara.testcases.LoginTest1@646d64ab]" name="test4" duration-ms="5" started-at="2022-10-17T21:29:20 EDT" finished-at="2022-10-17T21:29:20 EDT">
          <reporter-output>
          </reporter-output>
        </test-method> <!-- test4 -->
        <test-method status="PASS" signature="afterMethod()[pri:0, instance:com.dhara.testcases.LoginTest1@646d64ab]" name="afterMethod" is-config="true" duration-ms="1" started-at="2022-10-17T21:29:20 EDT" finished-at="2022-10-17T21:29:20 EDT">
          <reporter-output>
          </reporter-output>
        </test-method> <!-- afterMethod -->
        <test-method status="PASS" signature="afterClass()[pri:0, instance:com.dhara.testcases.LoginTest1@646d64ab]" name="afterClass" is-config="true" duration-ms="1" started-at="2022-10-17T21:29:20 EDT" finished-at="2022-10-17T21:29:20 EDT">
          <reporter-output>
          </reporter-output>
        </test-method> <!-- afterClass -->
      </class> <!-- com.dhara.testcases.LoginTest1 -->
    </test> <!-- ToolsQA1 -->
    <test name="ToolsQA2" duration-ms="64" started-at="2022-10-17T21:29:20 EDT" finished-at="2022-10-17T21:29:20 EDT">
      <class name="com.dhara.testcases.LoginTest4">
        <test-method status="PASS" signature="beforeClass()[pri:0, instance:com.dhara.testcases.LoginTest4@7e2d773b]" name="beforeClass" is-config="true" duration-ms="1" started-at="2022-10-17T21:29:20 EDT" finished-at="2022-10-17T21:29:20 EDT">
          <reporter-output>
          </reporter-output>
        </test-method> <!-- beforeClass -->
        <test-method status="PASS" signature="beforeMethod()[pri:0, instance:com.dhara.testcases.LoginTest4@7e2d773b]" name="beforeMethod" is-config="true" duration-ms="0" started-at="2022-10-17T21:29:20 EDT" finished-at="2022-10-17T21:29:20 EDT">
          <reporter-output>
          </reporter-output>
        </test-method> <!-- beforeMethod -->
        <test-method status="PASS" signature="test1()[pri:0, instance:com.dhara.testcases.LoginTest4@7e2d773b]" name="test1" duration-ms="5" started-at="2022-10-17T21:29:20 EDT" finished-at="2022-10-17T21:29:20 EDT">
          <reporter-output>
          </reporter-output>
        </test-method> <!-- test1 -->
        <test-method status="PASS" signature="afterMethod()[pri:0, instance:com.dhara.testcases.LoginTest4@7e2d773b]" name="afterMethod" is-config="true" duration-ms="0" started-at="2022-10-17T21:29:20 EDT" finished-at="2022-10-17T21:29:20 EDT">
          <reporter-output>
          </reporter-output>
        </test-method> <!-- afterMethod -->
        <test-method status="PASS" signature="test2()[pri:0, instance:com.dhara.testcases.LoginTest4@7e2d773b]" name="test2" duration-ms="1" started-at="2022-10-17T21:29:20 EDT" finished-at="2022-10-17T21:29:20 EDT">
          <reporter-output>
          </reporter-output>
        </test-method> <!-- test2 -->
        <test-method status="PASS" signature="beforeMethod()[pri:0, instance:com.dhara.testcases.LoginTest4@7e2d773b]" name="beforeMethod" is-config="true" duration-ms="0" started-at="2022-10-17T21:29:20 EDT" finished-at="2022-10-17T21:29:20 EDT">
          <reporter-output>
          </reporter-output>
        </test-method> <!-- beforeMethod -->
        <test-method status="PASS" signature="afterMethod()[pri:0, instance:com.dhara.testcases.LoginTest4@7e2d773b]" name="afterMethod" is-config="true" duration-ms="0" started-at="2022-10-17T21:29:20 EDT" finished-at="2022-10-17T21:29:20 EDT">
          <reporter-output>
          </reporter-output>
        </test-method> <!-- afterMethod -->
        <test-method status="PASS" signature="beforeMethod()[pri:0, instance:com.dhara.testcases.LoginTest4@7e2d773b]" name="beforeMethod" is-config="true" duration-ms="0" started-at="2022-10-17T21:29:20 EDT" finished-at="2022-10-17T21:29:20 EDT">
          <reporter-output>
          </reporter-output>
        </test-method> <!-- beforeMethod -->
        <test-method status="PASS" signature="test3()[pri:0, instance:com.dhara.testcases.LoginTest4@7e2d773b]" name="test3" duration-ms="1" started-at="2022-10-17T21:29:20 EDT" finished-at="2022-10-17T21:29:20 EDT">
          <reporter-output>
          </reporter-output>
        </test-method> <!-- test3 -->
        <test-method status="PASS" signature="afterMethod()[pri:0, instance:com.dhara.testcases.LoginTest4@7e2d773b]" name="afterMethod" is-config="true" duration-ms="1" started-at="2022-10-17T21:29:20 EDT" finished-at="2022-10-17T21:29:20 EDT">
          <reporter-output>
          </reporter-output>
        </test-method> <!-- afterMethod -->
        <test-method status="PASS" signature="beforeMethod()[pri:0, instance:com.dhara.testcases.LoginTest4@7e2d773b]" name="beforeMethod" is-config="true" duration-ms="1" started-at="2022-10-17T21:29:20 EDT" finished-at="2022-10-17T21:29:20 EDT">
          <reporter-output>
          </reporter-output>
        </test-method> <!-- beforeMethod -->
        <test-method status="PASS" signature="test4()[pri:0, instance:com.dhara.testcases.LoginTest4@7e2d773b]" name="test4" duration-ms="1" started-at="2022-10-17T21:29:20 EDT" finished-at="2022-10-17T21:29:20 EDT">
          <reporter-output>
          </reporter-output>
        </test-method> <!-- test4 -->
        <test-method status="PASS" signature="afterMethod()[pri:0, instance:com.dhara.testcases.LoginTest4@7e2d773b]" name="afterMethod" is-config="true" duration-ms="0" started-at="2022-10-17T21:29:20 EDT" finished-at="2022-10-17T21:29:20 EDT">
          <reporter-output>
          </reporter-output>
        </test-method> <!-- afterMethod -->
        <test-method status="PASS" signature="afterClass()[pri:0, instance:com.dhara.testcases.LoginTest4@7e2d773b]" name="afterClass" is-config="true" duration-ms="2" started-at="2022-10-17T21:29:20 EDT" finished-at="2022-10-17T21:29:20 EDT">
          <reporter-output>
          </reporter-output>
        </test-method> <!-- afterClass -->
      </class> <!-- com.dhara.testcases.LoginTest4 -->
      <class name="com.dhara.testcases.LoginTest3">
        <test-method status="PASS" signature="beforeClass()[pri:0, instance:com.dhara.testcases.LoginTest3@4d50efb8]" name="beforeClass" is-config="true" duration-ms="1" started-at="2022-10-17T21:29:20 EDT" finished-at="2022-10-17T21:29:20 EDT">
          <reporter-output>
          </reporter-output>
        </test-method> <!-- beforeClass -->
        <test-method status="PASS" signature="beforeMethod()[pri:0, instance:com.dhara.testcases.LoginTest3@4d50efb8]" name="beforeMethod" is-config="true" duration-ms="1" started-at="2022-10-17T21:29:20 EDT" finished-at="2022-10-17T21:29:20 EDT">
          <reporter-output>
          </reporter-output>
        </test-method> <!-- beforeMethod -->
        <test-method status="PASS" signature="test1()[pri:0, instance:com.dhara.testcases.LoginTest3@4d50efb8]" name="test1" duration-ms="2" started-at="2022-10-17T21:29:20 EDT" finished-at="2022-10-17T21:29:20 EDT">
          <reporter-output>
          </reporter-output>
        </test-method> <!-- test1 -->
        <test-method status="PASS" signature="afterMethod()[pri:0, instance:com.dhara.testcases.LoginTest3@4d50efb8]" name="afterMethod" is-config="true" duration-ms="0" started-at="2022-10-17T21:29:20 EDT" finished-at="2022-10-17T21:29:20 EDT">
          <reporter-output>
          </reporter-output>
        </test-method> <!-- afterMethod -->
        <test-method status="PASS" signature="beforeMethod()[pri:0, instance:com.dhara.testcases.LoginTest3@4d50efb8]" name="beforeMethod" is-config="true" duration-ms="0" started-at="2022-10-17T21:29:20 EDT" finished-at="2022-10-17T21:29:20 EDT">
          <reporter-output>
          </reporter-output>
        </test-method> <!-- beforeMethod -->
        <test-method status="PASS" signature="test2()[pri:0, instance:com.dhara.testcases.LoginTest3@4d50efb8]" name="test2" duration-ms="1" started-at="2022-10-17T21:29:20 EDT" finished-at="2022-10-17T21:29:20 EDT">
          <reporter-output>
          </reporter-output>
        </test-method> <!-- test2 -->
        <test-method status="PASS" signature="afterMethod()[pri:0, instance:com.dhara.testcases.LoginTest3@4d50efb8]" name="afterMethod" is-config="true" duration-ms="15" started-at="2022-10-17T21:29:20 EDT" finished-at="2022-10-17T21:29:20 EDT">
          <reporter-output>
          </reporter-output>
        </test-method> <!-- afterMethod -->
        <test-method status="PASS" signature="beforeMethod()[pri:0, instance:com.dhara.testcases.LoginTest3@4d50efb8]" name="beforeMethod" is-config="true" duration-ms="2" started-at="2022-10-17T21:29:20 EDT" finished-at="2022-10-17T21:29:20 EDT">
          <reporter-output>
          </reporter-output>
        </test-method> <!-- beforeMethod -->
        <test-method status="PASS" signature="test3()[pri:0, instance:com.dhara.testcases.LoginTest3@4d50efb8]" name="test3" duration-ms="1" started-at="2022-10-17T21:29:20 EDT" finished-at="2022-10-17T21:29:20 EDT">
          <reporter-output>
          </reporter-output>
        </test-method> <!-- test3 -->
        <test-method status="PASS" signature="afterMethod()[pri:0, instance:com.dhara.testcases.LoginTest3@4d50efb8]" name="afterMethod" is-config="true" duration-ms="1" started-at="2022-10-17T21:29:20 EDT" finished-at="2022-10-17T21:29:20 EDT">
          <reporter-output>
          </reporter-output>
        </test-method> <!-- afterMethod -->
        <test-method status="PASS" signature="beforeMethod()[pri:0, instance:com.dhara.testcases.LoginTest3@4d50efb8]" name="beforeMethod" is-config="true" duration-ms="0" started-at="2022-10-17T21:29:20 EDT" finished-at="2022-10-17T21:29:20 EDT">
          <reporter-output>
          </reporter-output>
        </test-method> <!-- beforeMethod -->
        <test-method status="PASS" signature="test4()[pri:0, instance:com.dhara.testcases.LoginTest3@4d50efb8]" name="test4" duration-ms="0" started-at="2022-10-17T21:29:20 EDT" finished-at="2022-10-17T21:29:20 EDT">
          <reporter-output>
          </reporter-output>
        </test-method> <!-- test4 -->
        <test-method status="PASS" signature="afterMethod()[pri:0, instance:com.dhara.testcases.LoginTest3@4d50efb8]" name="afterMethod" is-config="true" duration-ms="1" started-at="2022-10-17T21:29:20 EDT" finished-at="2022-10-17T21:29:20 EDT">
          <reporter-output>
          </reporter-output>
        </test-method> <!-- afterMethod -->
        <test-method status="PASS" signature="afterClass()[pri:0, instance:com.dhara.testcases.LoginTest3@4d50efb8]" name="afterClass" is-config="true" duration-ms="1" started-at="2022-10-17T21:29:20 EDT" finished-at="2022-10-17T21:29:20 EDT">
          <reporter-output>
          </reporter-output>
        </test-method> <!-- afterClass -->
      </class> <!-- com.dhara.testcases.LoginTest3 -->
    </test> <!-- ToolsQA2 -->
  </suite> <!-- Test-Suite -->
</testng-results>
