<?xml version="1.0" encoding="UTF-8"?>
<!-- Generated by org.testng.reporters.JUnitXMLReporter -->
<testsuite hostname="WINDOWS-4CP03MR" ignored="0" name="Default test" tests="4" failures="0" timestamp="2022-11-14T20:15:53 EST" time="25.176" errors="0">
  <testcase name="emptyPassword" time="0.521" classname="test.LogInTest"/>
  <testcase name="emptyUserEmptyPassword" time="0.51" classname="test.LogInTest"/>
  <testcase name="logInSuccess" time="0.582" classname="test.LogInTest"/>
  <testcase name="wrongUserWrongPassword" time="0.501" classname="test.LogInTest"/>
</testsuite> <!-- Default test -->
