<?xml version="1.0" encoding="UTF-8"?>
<testng-results skipped="0" failed="0" ignored="0" total="3" passed="3">
  <reporter-output>
  </reporter-output>
  <suite name="Default suite" duration-ms="30500" started-at="2022-12-14T21:19:53 EST" finished-at="2022-12-14T21:20:23 EST">
    <groups>
    </groups>
    <test name="Default test" duration-ms="30500" started-at="2022-12-14T21:19:53 EST" finished-at="2022-12-14T21:20:23 EST">
      <class name="com.crm.qa.testdata.LoginPageTest">
        <test-method status="PASS" signature="setUp()[pri:0, instance:com.crm.qa.testdata.LoginPageTest@26aa12dd]" name="setUp" is-config="true" duration-ms="10406" started-at="2022-12-14T21:19:53 EST" finished-at="2022-12-14T21:20:03 EST">
          <reporter-output>
          </reporter-output>
        </test-method> <!-- setUp -->
        <test-method status="PASS" signature="loginPageTitleTest()[pri:1, instance:com.crm.qa.testdata.LoginPageTest@26aa12dd]" name="loginPageTitleTest" duration-ms="14" started-at="2022-12-14T21:20:03 EST" finished-at="2022-12-14T21:20:03 EST">
          <reporter-output>
          </reporter-output>
        </test-method> <!-- loginPageTitleTest -->
        <test-method status="PASS" signature="setUp()[pri:0, instance:com.crm.qa.testdata.LoginPageTest@26aa12dd]" name="setUp" is-config="true" duration-ms="8476" started-at="2022-12-14T21:20:03 EST" finished-at="2022-12-14T21:20:11 EST">
          <reporter-output>
          </reporter-output>
        </test-method> <!-- setUp -->
        <test-method status="PASS" signature="crmLogoImageTest()[pri:2, instance:com.crm.qa.testdata.LoginPageTest@26aa12dd]" name="crmLogoImageTest" duration-ms="72" started-at="2022-12-14T21:20:11 EST" finished-at="2022-12-14T21:20:12 EST">
          <reporter-output>
          </reporter-output>
        </test-method> <!-- crmLogoImageTest -->
        <test-method status="PASS" signature="setUp()[pri:0, instance:com.crm.qa.testdata.LoginPageTest@26aa12dd]" name="setUp" is-config="true" duration-ms="8481" started-at="2022-12-14T21:20:12 EST" finished-at="2022-12-14T21:20:20 EST">
          <reporter-output>
          </reporter-output>
        </test-method> <!-- setUp -->
        <test-method status="PASS" signature="loginTest()[pri:3, instance:com.crm.qa.testdata.LoginPageTest@26aa12dd]" name="loginTest" duration-ms="2985" started-at="2022-12-14T21:20:20 EST" finished-at="2022-12-14T21:20:23 EST">
          <reporter-output>
          </reporter-output>
        </test-method> <!-- loginTest -->
      </class> <!-- com.crm.qa.testdata.LoginPageTest -->
    </test> <!-- Default test -->
  </suite> <!-- Default suite -->
</testng-results>
