<?xml version="1.0" encoding="UTF-8"?>
<!-- Generated by org.testng.reporters.JUnitXMLReporter -->
<testsuite hostname="WINDOWS-4CP03MR" ignored="0" name="Default test" tests="3" failures="0" timestamp="2022-12-14T21:20:23 EST" time="30.5" errors="0">
  <testcase name="loginPageTitleTest" time="0.014" classname="com.crm.qa.testdata.LoginPageTest"/>
  <testcase name="crmLogoImageTest" time="0.072" classname="com.crm.qa.testdata.LoginPageTest"/>
  <testcase name="loginTest" time="2.985" classname="com.crm.qa.testdata.LoginPageTest"/>
</testsuite> <!-- Default test -->
