<?xml version="1.0" encoding="UTF-8"?>
<!-- Generated by org.testng.reporters.JUnitXMLReporter -->
<testsuite hostname="WINDOWS-4CP03MR" ignored="3" name="GRP-nikul" tests="1" failures="0" timestamp="2022-11-12T10:53:20 EST" time="0.06" errors="0">
  <testcase name="test3" time="0.012" classname="selenium.Testing1"/>
  <testcase name="test2" time="0.0" classname="selenium.Testing1">
    <ignored/>
  </testcase> <!-- test2 -->
  <testcase name="test1" time="0.0" classname="selenium.Testing1">
    <ignored/>
  </testcase> <!-- test1 -->
  <testcase name="f" time="0.0" classname="selenium.Testing1">
    <ignored/>
  </testcase> <!-- f -->
</testsuite> <!-- GRP-nikul -->
