<?xml version="1.0" encoding="UTF-8"?>
<testng-results skipped="0" failed="0" ignored="0" total="4" passed="4">
  <reporter-output>
  </reporter-output>
  <suite name="Default suite" duration-ms="25176" started-at="2022-11-14T20:15:28 EST" finished-at="2022-11-14T20:15:53 EST">
    <groups>
    </groups>
    <test name="Default test" duration-ms="25176" started-at="2022-11-14T20:15:28 EST" finished-at="2022-11-14T20:15:53 EST">
      <class name="test.LogInTest">
        <test-method status="PASS" signature="beforeMethod()[pri:0, instance:test.LogInTest@33f88ab]" name="beforeMethod" is-config="true" duration-ms="6721" started-at="2022-11-14T20:15:28 EST" finished-at="2022-11-14T20:15:34 EST">
          <reporter-output>
          </reporter-output>
        </test-method> <!-- beforeMethod -->
        <test-method status="PASS" signature="emptyPassword()[pri:0, instance:test.LogInTest@33f88ab]" name="emptyPassword" duration-ms="521" started-at="2022-11-14T20:15:34 EST" finished-at="2022-11-14T20:15:35 EST">
          <reporter-output>
          </reporter-output>
        </test-method> <!-- emptyPassword -->
        <test-method status="PASS" signature="afterMethod()[pri:0, instance:test.LogInTest@33f88ab]" name="afterMethod" is-config="true" duration-ms="1270" started-at="2022-11-14T20:15:35 EST" finished-at="2022-11-14T20:15:36 EST">
          <reporter-output>
          </reporter-output>
        </test-method> <!-- afterMethod -->
        <test-method status="PASS" signature="beforeMethod()[pri:0, instance:test.LogInTest@33f88ab]" name="beforeMethod" is-config="true" duration-ms="3894" started-at="2022-11-14T20:15:36 EST" finished-at="2022-11-14T20:15:40 EST">
          <reporter-output>
          </reporter-output>
        </test-method> <!-- beforeMethod -->
        <test-method status="PASS" signature="emptyUserEmptyPassword()[pri:0, instance:test.LogInTest@33f88ab]" name="emptyUserEmptyPassword" duration-ms="510" started-at="2022-11-14T20:15:40 EST" finished-at="2022-11-14T20:15:41 EST">
          <reporter-output>
          </reporter-output>
        </test-method> <!-- emptyUserEmptyPassword -->
        <test-method status="PASS" signature="afterMethod()[pri:0, instance:test.LogInTest@33f88ab]" name="afterMethod" is-config="true" duration-ms="1056" started-at="2022-11-14T20:15:41 EST" finished-at="2022-11-14T20:15:42 EST">
          <reporter-output>
          </reporter-output>
        </test-method> <!-- afterMethod -->
        <test-method status="PASS" signature="beforeMethod()[pri:0, instance:test.LogInTest@33f88ab]" name="beforeMethod" is-config="true" duration-ms="3995" started-at="2022-11-14T20:15:42 EST" finished-at="2022-11-14T20:15:46 EST">
          <reporter-output>
          </reporter-output>
        </test-method> <!-- beforeMethod -->
        <test-method status="PASS" signature="logInSuccess()[pri:0, instance:test.LogInTest@33f88ab]" name="logInSuccess" duration-ms="582" started-at="2022-11-14T20:15:46 EST" finished-at="2022-11-14T20:15:46 EST">
          <reporter-output>
          </reporter-output>
        </test-method> <!-- logInSuccess -->
        <test-method status="PASS" signature="afterMethod()[pri:0, instance:test.LogInTest@33f88ab]" name="afterMethod" is-config="true" duration-ms="1115" started-at="2022-11-14T20:15:46 EST" finished-at="2022-11-14T20:15:47 EST">
          <reporter-output>
          </reporter-output>
        </test-method> <!-- afterMethod -->
        <test-method status="PASS" signature="beforeMethod()[pri:0, instance:test.LogInTest@33f88ab]" name="beforeMethod" is-config="true" duration-ms="3856" started-at="2022-11-14T20:15:47 EST" finished-at="2022-11-14T20:15:51 EST">
          <reporter-output>
          </reporter-output>
        </test-method> <!-- beforeMethod -->
        <test-method status="PASS" signature="wrongUserWrongPassword()[pri:0, instance:test.LogInTest@33f88ab]" name="wrongUserWrongPassword" duration-ms="501" started-at="2022-11-14T20:15:51 EST" finished-at="2022-11-14T20:15:52 EST">
          <reporter-output>
          </reporter-output>
        </test-method> <!-- wrongUserWrongPassword -->
        <test-method status="PASS" signature="afterMethod()[pri:0, instance:test.LogInTest@33f88ab]" name="afterMethod" is-config="true" duration-ms="1091" started-at="2022-11-14T20:15:52 EST" finished-at="2022-11-14T20:15:53 EST">
          <reporter-output>
          </reporter-output>
        </test-method> <!-- afterMethod -->
      </class> <!-- test.LogInTest -->
    </test> <!-- Default test -->
  </suite> <!-- Default suite -->
</testng-results>
